CRITICAL - 2022-06-20 00:13:02 --> Undefined variable $page
in APPPATH/Views/templates/header.php on line 6.
 1 APPPATH/Views/templates/header.php(6): CodeIgniter\Debug\Exceptions->errorHandler()
 2 SYSTEMPATH/View/View.php(213): include('APPPATH/Views/templates/header.php')
 3 SYSTEMPATH/View/View.php(216): CodeIgniter\View\View->CodeIgniter\View\{closure}()
 4 SYSTEMPATH/Common.php(1135): CodeIgniter\View\View->render()
 5 APPPATH/Controllers/Pages.php(21): view()
 6 SYSTEMPATH/CodeIgniter.php(896): App\Controllers\Pages->view()
 7 SYSTEMPATH/CodeIgniter.php(466): CodeIgniter\CodeIgniter->runController()
 8 SYSTEMPATH/CodeIgniter.php(349): CodeIgniter\CodeIgniter->handleRequest()
 9 FCPATH/index.php(55): CodeIgniter\CodeIgniter->run()
CRITICAL - 2022-06-20 00:51:03 --> Class "App\Models\Product_model" not found
in APPPATH/Controllers/Product.php on line 10.
 1 SYSTEMPATH/CodeIgniter.php(896): App\Controllers\Product->index()
 2 SYSTEMPATH/CodeIgniter.php(466): CodeIgniter\CodeIgniter->runController()
 3 SYSTEMPATH/CodeIgniter.php(349): CodeIgniter\CodeIgniter->handleRequest()
 4 FCPATH/index.php(55): CodeIgniter\CodeIgniter->run()
CRITICAL - 2022-06-20 00:52:22 --> Class "App\Models\Product_model" not found
in APPPATH/Controllers/Product.php on line 10.
 1 SYSTEMPATH/CodeIgniter.php(896): App\Controllers\Product->index()
 2 SYSTEMPATH/CodeIgniter.php(466): CodeIgniter\CodeIgniter->runController()
 3 SYSTEMPATH/CodeIgniter.php(349): CodeIgniter\CodeIgniter->handleRequest()
 4 FCPATH/index.php(55): CodeIgniter\CodeIgniter->run()
CRITICAL - 2022-06-20 00:52:25 --> Class "App\Models\Product_model" not found
in APPPATH/Controllers/Product.php on line 10.
 1 SYSTEMPATH/CodeIgniter.php(896): App\Controllers\Product->index()
 2 SYSTEMPATH/CodeIgniter.php(466): CodeIgniter\CodeIgniter->runController()
 3 SYSTEMPATH/CodeIgniter.php(349): CodeIgniter\CodeIgniter->handleRequest()
 4 FCPATH/index.php(55): CodeIgniter\CodeIgniter->run()
CRITICAL - 2022-06-20 00:52:35 --> Class "App\Controllers\Product_model" not found
in APPPATH/Controllers/Product.php on line 11.
 1 SYSTEMPATH/CodeIgniter.php(896): App\Controllers\Product->index()
 2 SYSTEMPATH/CodeIgniter.php(466): CodeIgniter\CodeIgniter->runController()
 3 SYSTEMPATH/CodeIgniter.php(349): CodeIgniter\CodeIgniter->handleRequest()
 4 FCPATH/index.php(55): CodeIgniter\CodeIgniter->run()
CRITICAL - 2022-06-20 00:52:37 --> Class "App\Controllers\Product_model" not found
in APPPATH/Controllers/Product.php on line 11.
 1 SYSTEMPATH/CodeIgniter.php(896): App\Controllers\Product->index()
 2 SYSTEMPATH/CodeIgniter.php(466): CodeIgniter\CodeIgniter->runController()
 3 SYSTEMPATH/CodeIgniter.php(349): CodeIgniter\CodeIgniter->handleRequest()
 4 FCPATH/index.php(55): CodeIgniter\CodeIgniter->run()
CRITICAL - 2022-06-20 00:52:47 --> Class "App\Models\ProductModel" not found
in APPPATH/Controllers/Product.php on line 11.
 1 SYSTEMPATH/CodeIgniter.php(896): App\Controllers\Product->index()
 2 SYSTEMPATH/CodeIgniter.php(466): CodeIgniter\CodeIgniter->runController()
 3 SYSTEMPATH/CodeIgniter.php(349): CodeIgniter\CodeIgniter->handleRequest()
 4 FCPATH/index.php(55): CodeIgniter\CodeIgniter->run()
CRITICAL - 2022-06-20 00:58:48 --> Class "App\Models\ProductModel" not found
in APPPATH/Controllers/Product.php on line 11.
 1 SYSTEMPATH/CodeIgniter.php(896): App\Controllers\Product->index()
 2 SYSTEMPATH/CodeIgniter.php(466): CodeIgniter\CodeIgniter->runController()
 3 SYSTEMPATH/CodeIgniter.php(349): CodeIgniter\CodeIgniter->handleRequest()
 4 FCPATH/index.php(55): CodeIgniter\CodeIgniter->run()
CRITICAL - 2022-06-20 01:00:46 --> Class "App\Models\ProductModel" not found
in APPPATH/Controllers/Product.php on line 11.
 1 SYSTEMPATH/CodeIgniter.php(896): App\Controllers\Product->index()
 2 SYSTEMPATH/CodeIgniter.php(466): CodeIgniter\CodeIgniter->runController()
 3 SYSTEMPATH/CodeIgniter.php(349): CodeIgniter\CodeIgniter->handleRequest()
 4 FCPATH/index.php(55): CodeIgniter\CodeIgniter->run()
CRITICAL - 2022-06-20 01:01:40 --> Class "App\Models\ProductModel" not found
in APPPATH/Controllers/Product.php on line 11.
 1 SYSTEMPATH/CodeIgniter.php(896): App\Controllers\Product->index()
 2 SYSTEMPATH/CodeIgniter.php(466): CodeIgniter\CodeIgniter->runController()
 3 SYSTEMPATH/CodeIgniter.php(349): CodeIgniter\CodeIgniter->handleRequest()
 4 FCPATH/index.php(55): CodeIgniter\CodeIgniter->run()
CRITICAL - 2022-06-20 01:01:50 --> Class "App\Controllers\ProductModel" not found
in APPPATH/Controllers/Product.php on line 11.
 1 SYSTEMPATH/CodeIgniter.php(896): App\Controllers\Product->index()
 2 SYSTEMPATH/CodeIgniter.php(466): CodeIgniter\CodeIgniter->runController()
 3 SYSTEMPATH/CodeIgniter.php(349): CodeIgniter\CodeIgniter->handleRequest()
 4 FCPATH/index.php(55): CodeIgniter\CodeIgniter->run()
CRITICAL - 2022-06-20 01:01:57 --> Class "App\Models\ProductsModel" not found
in APPPATH/Controllers/Product.php on line 11.
 1 SYSTEMPATH/CodeIgniter.php(896): App\Controllers\Product->index()
 2 SYSTEMPATH/CodeIgniter.php(466): CodeIgniter\CodeIgniter->runController()
 3 SYSTEMPATH/CodeIgniter.php(349): CodeIgniter\CodeIgniter->handleRequest()
 4 FCPATH/index.php(55): CodeIgniter\CodeIgniter->run()
CRITICAL - 2022-06-20 01:05:32 --> Class "app\Models\ProductsModel" not found
in APPPATH/Controllers/Product.php on line 11.
 1 SYSTEMPATH/CodeIgniter.php(896): App\Controllers\Product->index()
 2 SYSTEMPATH/CodeIgniter.php(466): CodeIgniter\CodeIgniter->runController()
 3 SYSTEMPATH/CodeIgniter.php(349): CodeIgniter\CodeIgniter->handleRequest()
 4 FCPATH/index.php(55): CodeIgniter\CodeIgniter->run()
CRITICAL - 2022-06-20 01:07:11 --> Class "App\Models\ProductModel" not found
in APPPATH/Controllers/Product.php on line 11.
 1 SYSTEMPATH/CodeIgniter.php(896): App\Controllers\Product->index()
 2 SYSTEMPATH/CodeIgniter.php(466): CodeIgniter\CodeIgniter->runController()
 3 SYSTEMPATH/CodeIgniter.php(349): CodeIgniter\CodeIgniter->handleRequest()
 4 FCPATH/index.php(55): CodeIgniter\CodeIgniter->run()
CRITICAL - 2022-06-20 01:13:52 --> Class "App\Models\ProductModel" not found
in APPPATH/Controllers/Product.php on line 11.
 1 SYSTEMPATH/CodeIgniter.php(896): App\Controllers\Product->index()
 2 SYSTEMPATH/CodeIgniter.php(466): CodeIgniter\CodeIgniter->runController()
 3 SYSTEMPATH/CodeIgniter.php(349): CodeIgniter\CodeIgniter->handleRequest()
 4 FCPATH/index.php(55): CodeIgniter\CodeIgniter->run()
CRITICAL - 2022-06-20 01:41:40 --> Class "App\Models\ProductModel" not found
in APPPATH/Controllers/Product.php on line 11.
 1 SYSTEMPATH/CodeIgniter.php(896): App\Controllers\Product->index()
 2 SYSTEMPATH/CodeIgniter.php(466): CodeIgniter\CodeIgniter->runController()
 3 SYSTEMPATH/CodeIgniter.php(349): CodeIgniter\CodeIgniter->handleRequest()
 4 FCPATH/index.php(55): CodeIgniter\CodeIgniter->run()
CRITICAL - 2022-06-20 01:47:55 --> Class "App\Models\Model" not found
in APPPATH/Models/ProductModel.php on line 4.
 1 SYSTEMPATH/Autoloader/Autoloader.php(284): include_once()
 2 SYSTEMPATH/Autoloader/Autoloader.php(261): CodeIgniter\Autoloader\Autoloader->includeFile()
 3 SYSTEMPATH/Autoloader/Autoloader.php(239): CodeIgniter\Autoloader\Autoloader->loadInNamespace()
 4 APPPATH/Controllers/Product.php(11): CodeIgniter\Autoloader\Autoloader->loadClass()
 5 SYSTEMPATH/CodeIgniter.php(896): App\Controllers\Product->index()
 6 SYSTEMPATH/CodeIgniter.php(466): CodeIgniter\CodeIgniter->runController()
 7 SYSTEMPATH/CodeIgniter.php(349): CodeIgniter\CodeIgniter->handleRequest()
 8 FCPATH/index.php(55): CodeIgniter\CodeIgniter->run()
CRITICAL - 2022-06-20 01:48:57 --> Class "App\Models\Models" not found
in APPPATH/Models/ProductModel.php on line 4.
 1 SYSTEMPATH/Autoloader/Autoloader.php(284): include_once()
 2 SYSTEMPATH/Autoloader/Autoloader.php(261): CodeIgniter\Autoloader\Autoloader->includeFile()
 3 SYSTEMPATH/Autoloader/Autoloader.php(239): CodeIgniter\Autoloader\Autoloader->loadInNamespace()
 4 APPPATH/Controllers/Product.php(11): CodeIgniter\Autoloader\Autoloader->loadClass()
 5 SYSTEMPATH/CodeIgniter.php(896): App\Controllers\Product->index()
 6 SYSTEMPATH/CodeIgniter.php(466): CodeIgniter\CodeIgniter->runController()
 7 SYSTEMPATH/CodeIgniter.php(349): CodeIgniter\CodeIgniter->handleRequest()
 8 FCPATH/index.php(55): CodeIgniter\CodeIgniter->run()
CRITICAL - 2022-06-20 01:49:35 --> Class "App\Models\BaseController" not found
in APPPATH/Models/ProductModel.php on line 4.
 1 SYSTEMPATH/Autoloader/Autoloader.php(284): include_once()
 2 SYSTEMPATH/Autoloader/Autoloader.php(261): CodeIgniter\Autoloader\Autoloader->includeFile()
 3 SYSTEMPATH/Autoloader/Autoloader.php(239): CodeIgniter\Autoloader\Autoloader->loadInNamespace()
 4 APPPATH/Controllers/Product.php(11): CodeIgniter\Autoloader\Autoloader->loadClass()
 5 SYSTEMPATH/CodeIgniter.php(896): App\Controllers\Product->index()
 6 SYSTEMPATH/CodeIgniter.php(466): CodeIgniter\CodeIgniter->runController()
 7 SYSTEMPATH/CodeIgniter.php(349): CodeIgniter\CodeIgniter->handleRequest()
 8 FCPATH/index.php(55): CodeIgniter\CodeIgniter->run()
CRITICAL - 2022-06-20 01:50:35 --> Class "App\Models\ProductModel" not found
in APPPATH/Controllers/Product.php on line 11.
 1 SYSTEMPATH/CodeIgniter.php(896): App\Controllers\Product->index()
 2 SYSTEMPATH/CodeIgniter.php(466): CodeIgniter\CodeIgniter->runController()
 3 SYSTEMPATH/CodeIgniter.php(349): CodeIgniter\CodeIgniter->handleRequest()
 4 FCPATH/index.php(55): CodeIgniter\CodeIgniter->run()
CRITICAL - 2022-06-20 01:52:21 --> Class "Model" not found
in APPPATH/Models/ProductModel.php on line 4.
 1 SYSTEMPATH/Autoloader/Autoloader.php(284): include_once()
 2 SYSTEMPATH/Autoloader/Autoloader.php(261): CodeIgniter\Autoloader\Autoloader->includeFile()
 3 SYSTEMPATH/Autoloader/Autoloader.php(239): CodeIgniter\Autoloader\Autoloader->loadInNamespace()
 4 APPPATH/Controllers/Product.php(11): CodeIgniter\Autoloader\Autoloader->loadClass()
 5 SYSTEMPATH/CodeIgniter.php(896): App\Controllers\Product->index()
 6 SYSTEMPATH/CodeIgniter.php(466): CodeIgniter\CodeIgniter->runController()
 7 SYSTEMPATH/CodeIgniter.php(349): CodeIgniter\CodeIgniter->handleRequest()
 8 FCPATH/index.php(55): CodeIgniter\CodeIgniter->run()
CRITICAL - 2022-06-20 01:52:22 --> Class "Model" not found
in APPPATH/Models/ProductModel.php on line 4.
 1 SYSTEMPATH/Autoloader/Autoloader.php(284): include_once()
 2 SYSTEMPATH/Autoloader/Autoloader.php(261): CodeIgniter\Autoloader\Autoloader->includeFile()
 3 SYSTEMPATH/Autoloader/Autoloader.php(239): CodeIgniter\Autoloader\Autoloader->loadInNamespace()
 4 APPPATH/Controllers/Product.php(11): CodeIgniter\Autoloader\Autoloader->loadClass()
 5 SYSTEMPATH/CodeIgniter.php(896): App\Controllers\Product->index()
 6 SYSTEMPATH/CodeIgniter.php(466): CodeIgniter\CodeIgniter->runController()
 7 SYSTEMPATH/CodeIgniter.php(349): CodeIgniter\CodeIgniter->handleRequest()
 8 FCPATH/index.php(55): CodeIgniter\CodeIgniter->run()
ERROR - 2022-06-20 01:53:09 --> Error connecting to the database: Access denied for user '****'@'%' to database '****'
CRITICAL - 2022-06-20 01:53:09 --> Unable to connect to the database.
Main connection [MySQLi]: Access denied for user '****'@'%' to database '****'
in SYSTEMPATH/Database/BaseConnection.php on line 416.
 1 SYSTEMPATH/Database/BaseConnection.php(586): CodeIgniter\Database\BaseConnection->initialize()
 2 SYSTEMPATH/Database/BaseBuilder.php(1585): CodeIgniter\Database\BaseConnection->query()
 3 SYSTEMPATH/Model.php(222): CodeIgniter\Database\BaseBuilder->get()
 4 SYSTEMPATH/BaseModel.php(584): CodeIgniter\Model->doFindAll()
 5 APPPATH/Models/ProductModel.php(12): CodeIgniter\BaseModel->findAll()
 6 APPPATH/Controllers/Product.php(12): App\Models\ProductModel->getProduct()
 7 SYSTEMPATH/CodeIgniter.php(896): App\Controllers\Product->index()
 8 SYSTEMPATH/CodeIgniter.php(466): CodeIgniter\CodeIgniter->runController()
 9 SYSTEMPATH/CodeIgniter.php(349): CodeIgniter\CodeIgniter->handleRequest()
10 FCPATH/index.php(55): CodeIgniter\CodeIgniter->run()
ERROR - 2022-06-20 01:56:07 --> Error connecting to the database: Access denied for user '****'@'%' to database '****'
CRITICAL - 2022-06-20 01:56:07 --> Unable to connect to the database.
Main connection [MySQLi]: Access denied for user '****'@'%' to database '****'
in SYSTEMPATH/Database/BaseConnection.php on line 416.
 1 SYSTEMPATH/Database/BaseConnection.php(586): CodeIgniter\Database\BaseConnection->initialize()
 2 SYSTEMPATH/Database/BaseBuilder.php(1585): CodeIgniter\Database\BaseConnection->query()
 3 SYSTEMPATH/Model.php(222): CodeIgniter\Database\BaseBuilder->get()
 4 SYSTEMPATH/BaseModel.php(584): CodeIgniter\Model->doFindAll()
 5 APPPATH/Models/ProductModel.php(12): CodeIgniter\BaseModel->findAll()
 6 APPPATH/Controllers/Product.php(12): App\Models\ProductModel->getProduct()
 7 SYSTEMPATH/CodeIgniter.php(896): App\Controllers\Product->index()
 8 SYSTEMPATH/CodeIgniter.php(466): CodeIgniter\CodeIgniter->runController()
 9 SYSTEMPATH/CodeIgniter.php(349): CodeIgniter\CodeIgniter->handleRequest()
10 FCPATH/index.php(55): CodeIgniter\CodeIgniter->run()
ERROR - 2022-06-20 03:39:23 --> Error connecting to the database: Access denied for user '****'@'%' to database '****'
CRITICAL - 2022-06-20 03:39:23 --> Unable to connect to the database.
Main connection [MySQLi]: Access denied for user '****'@'%' to database '****'
in SYSTEMPATH/Database/BaseConnection.php on line 416.
 1 SYSTEMPATH/Database/BaseConnection.php(586): CodeIgniter\Database\BaseConnection->initialize()
 2 SYSTEMPATH/Database/BaseBuilder.php(1585): CodeIgniter\Database\BaseConnection->query()
 3 SYSTEMPATH/Model.php(222): CodeIgniter\Database\BaseBuilder->get()
 4 SYSTEMPATH/BaseModel.php(584): CodeIgniter\Model->doFindAll()
 5 APPPATH/Models/ProductModel.php(12): CodeIgniter\BaseModel->findAll()
 6 APPPATH/Controllers/Product.php(12): App\Models\ProductModel->getProduct()
 7 SYSTEMPATH/CodeIgniter.php(896): App\Controllers\Product->index()
 8 SYSTEMPATH/CodeIgniter.php(466): CodeIgniter\CodeIgniter->runController()
 9 SYSTEMPATH/CodeIgniter.php(349): CodeIgniter\CodeIgniter->handleRequest()
10 FCPATH/index.php(55): CodeIgniter\CodeIgniter->run()
ERROR - 2022-06-20 03:48:35 --> Error connecting to the database: Access denied for user '****'@'%' to database 'ci4'
CRITICAL - 2022-06-20 03:48:35 --> Unable to connect to the database.
Main connection [MySQLi]: Access denied for user '****'@'%' to database 'ci4'
in SYSTEMPATH/Database/BaseConnection.php on line 416.
 1 SYSTEMPATH/Database/BaseConnection.php(586): CodeIgniter\Database\BaseConnection->initialize()
 2 SYSTEMPATH/Database/BaseBuilder.php(1585): CodeIgniter\Database\BaseConnection->query()
 3 SYSTEMPATH/Model.php(222): CodeIgniter\Database\BaseBuilder->get()
 4 SYSTEMPATH/BaseModel.php(584): CodeIgniter\Model->doFindAll()
 5 APPPATH/Models/ProductModel.php(12): CodeIgniter\BaseModel->findAll()
 6 APPPATH/Controllers/Product.php(12): App\Models\ProductModel->getProduct()
 7 SYSTEMPATH/CodeIgniter.php(896): App\Controllers\Product->index()
 8 SYSTEMPATH/CodeIgniter.php(466): CodeIgniter\CodeIgniter->runController()
 9 SYSTEMPATH/CodeIgniter.php(349): CodeIgniter\CodeIgniter->handleRequest()
10 FCPATH/index.php(55): CodeIgniter\CodeIgniter->run()
ERROR - 2022-06-20 03:48:37 --> Error connecting to the database: Access denied for user '****'@'%' to database 'ci4'
CRITICAL - 2022-06-20 03:48:37 --> Unable to connect to the database.
Main connection [MySQLi]: Access denied for user '****'@'%' to database 'ci4'
in SYSTEMPATH/Database/BaseConnection.php on line 416.
 1 SYSTEMPATH/Database/BaseConnection.php(586): CodeIgniter\Database\BaseConnection->initialize()
 2 SYSTEMPATH/Database/BaseBuilder.php(1585): CodeIgniter\Database\BaseConnection->query()
 3 SYSTEMPATH/Model.php(222): CodeIgniter\Database\BaseBuilder->get()
 4 SYSTEMPATH/BaseModel.php(584): CodeIgniter\Model->doFindAll()
 5 APPPATH/Models/ProductModel.php(12): CodeIgniter\BaseModel->findAll()
 6 APPPATH/Controllers/Product.php(12): App\Models\ProductModel->getProduct()
 7 SYSTEMPATH/CodeIgniter.php(896): App\Controllers\Product->index()
 8 SYSTEMPATH/CodeIgniter.php(466): CodeIgniter\CodeIgniter->runController()
 9 SYSTEMPATH/CodeIgniter.php(349): CodeIgniter\CodeIgniter->handleRequest()
10 FCPATH/index.php(55): CodeIgniter\CodeIgniter->run()
ERROR - 2022-06-20 03:49:24 --> Error connecting to the database: No such file or directory
CRITICAL - 2022-06-20 03:49:24 --> Unable to connect to the database.
Main connection [MySQLi]: No such file or directory
in SYSTEMPATH/Database/BaseConnection.php on line 416.
 1 SYSTEMPATH/Database/BaseConnection.php(586): CodeIgniter\Database\BaseConnection->initialize()
 2 SYSTEMPATH/Database/BaseBuilder.php(1585): CodeIgniter\Database\BaseConnection->query()
 3 SYSTEMPATH/Model.php(222): CodeIgniter\Database\BaseBuilder->get()
 4 SYSTEMPATH/BaseModel.php(584): CodeIgniter\Model->doFindAll()
 5 APPPATH/Models/ProductModel.php(12): CodeIgniter\BaseModel->findAll()
 6 APPPATH/Controllers/Product.php(12): App\Models\ProductModel->getProduct()
 7 SYSTEMPATH/CodeIgniter.php(896): App\Controllers\Product->index()
 8 SYSTEMPATH/CodeIgniter.php(466): CodeIgniter\CodeIgniter->runController()
 9 SYSTEMPATH/CodeIgniter.php(349): CodeIgniter\CodeIgniter->handleRequest()
10 FCPATH/index.php(55): CodeIgniter\CodeIgniter->run()
ERROR - 2022-06-20 03:49:25 --> Error connecting to the database: No such file or directory
CRITICAL - 2022-06-20 03:49:25 --> Unable to connect to the database.
Main connection [MySQLi]: No such file or directory
in SYSTEMPATH/Database/BaseConnection.php on line 416.
 1 SYSTEMPATH/Database/BaseConnection.php(586): CodeIgniter\Database\BaseConnection->initialize()
 2 SYSTEMPATH/Database/BaseBuilder.php(1585): CodeIgniter\Database\BaseConnection->query()
 3 SYSTEMPATH/Model.php(222): CodeIgniter\Database\BaseBuilder->get()
 4 SYSTEMPATH/BaseModel.php(584): CodeIgniter\Model->doFindAll()
 5 APPPATH/Models/ProductModel.php(12): CodeIgniter\BaseModel->findAll()
 6 APPPATH/Controllers/Product.php(12): App\Models\ProductModel->getProduct()
 7 SYSTEMPATH/CodeIgniter.php(896): App\Controllers\Product->index()
 8 SYSTEMPATH/CodeIgniter.php(466): CodeIgniter\CodeIgniter->runController()
 9 SYSTEMPATH/CodeIgniter.php(349): CodeIgniter\CodeIgniter->handleRequest()
10 FCPATH/index.php(55): CodeIgniter\CodeIgniter->run()
ERROR - 2022-06-20 04:04:09 --> Error connecting to the database: No such file or directory
CRITICAL - 2022-06-20 04:04:09 --> Unable to connect to the database.
Main connection [MySQLi]: No such file or directory
in SYSTEMPATH/Database/BaseConnection.php on line 416.
 1 SYSTEMPATH/Database/BaseConnection.php(586): CodeIgniter\Database\BaseConnection->initialize()
 2 SYSTEMPATH/Database/BaseBuilder.php(1585): CodeIgniter\Database\BaseConnection->query()
 3 SYSTEMPATH/Model.php(222): CodeIgniter\Database\BaseBuilder->get()
 4 SYSTEMPATH/BaseModel.php(584): CodeIgniter\Model->doFindAll()
 5 APPPATH/Models/ProductModel.php(12): CodeIgniter\BaseModel->findAll()
 6 APPPATH/Controllers/Product.php(12): App\Models\ProductModel->getProduct()
 7 SYSTEMPATH/CodeIgniter.php(896): App\Controllers\Product->index()
 8 SYSTEMPATH/CodeIgniter.php(466): CodeIgniter\CodeIgniter->runController()
 9 SYSTEMPATH/CodeIgniter.php(349): CodeIgniter\CodeIgniter->handleRequest()
10 FCPATH/index.php(55): CodeIgniter\CodeIgniter->run()
ERROR - 2022-06-20 04:15:48 --> Error connecting to the database: No such file or directory
CRITICAL - 2022-06-20 04:15:48 --> Unable to connect to the database.
Main connection [MySQLi]: No such file or directory
in SYSTEMPATH/Database/BaseConnection.php on line 416.
 1 SYSTEMPATH/Database/BaseConnection.php(586): CodeIgniter\Database\BaseConnection->initialize()
 2 SYSTEMPATH/Database/BaseBuilder.php(1585): CodeIgniter\Database\BaseConnection->query()
 3 SYSTEMPATH/Model.php(222): CodeIgniter\Database\BaseBuilder->get()
 4 SYSTEMPATH/BaseModel.php(584): CodeIgniter\Model->doFindAll()
 5 APPPATH/Models/ProductModel.php(12): CodeIgniter\BaseModel->findAll()
 6 APPPATH/Controllers/Product.php(12): App\Models\ProductModel->getProduct()
 7 SYSTEMPATH/CodeIgniter.php(896): App\Controllers\Product->index()
 8 SYSTEMPATH/CodeIgniter.php(466): CodeIgniter\CodeIgniter->runController()
 9 SYSTEMPATH/CodeIgniter.php(349): CodeIgniter\CodeIgniter->handleRequest()
10 FCPATH/index.php(55): CodeIgniter\CodeIgniter->run()
ERROR - 2022-06-20 04:20:44 --> Error connecting to the database: No such file or directory
CRITICAL - 2022-06-20 04:20:44 --> Unable to connect to the database.
Main connection [MySQLi]: No such file or directory
in SYSTEMPATH/Database/BaseConnection.php on line 416.
 1 SYSTEMPATH/Database/BaseConnection.php(586): CodeIgniter\Database\BaseConnection->initialize()
 2 SYSTEMPATH/Database/BaseBuilder.php(1585): CodeIgniter\Database\BaseConnection->query()
 3 SYSTEMPATH/Model.php(222): CodeIgniter\Database\BaseBuilder->get()
 4 SYSTEMPATH/BaseModel.php(584): CodeIgniter\Model->doFindAll()
 5 APPPATH/Models/ProductModel.php(12): CodeIgniter\BaseModel->findAll()
 6 APPPATH/Controllers/Product.php(12): App\Models\ProductModel->getProduct()
 7 SYSTEMPATH/CodeIgniter.php(896): App\Controllers\Product->index()
 8 SYSTEMPATH/CodeIgniter.php(466): CodeIgniter\CodeIgniter->runController()
 9 SYSTEMPATH/CodeIgniter.php(349): CodeIgniter\CodeIgniter->handleRequest()
10 FCPATH/index.php(55): CodeIgniter\CodeIgniter->run()
ERROR - 2022-06-20 04:21:10 --> Error connecting to the database: Connection refused
CRITICAL - 2022-06-20 04:21:10 --> Unable to connect to the database.
Main connection [MySQLi]: Connection refused
in SYSTEMPATH/Database/BaseConnection.php on line 416.
 1 SYSTEMPATH/Database/BaseConnection.php(586): CodeIgniter\Database\BaseConnection->initialize()
 2 SYSTEMPATH/Database/BaseBuilder.php(1585): CodeIgniter\Database\BaseConnection->query()
 3 SYSTEMPATH/Model.php(222): CodeIgniter\Database\BaseBuilder->get()
 4 SYSTEMPATH/BaseModel.php(584): CodeIgniter\Model->doFindAll()
 5 APPPATH/Models/ProductModel.php(12): CodeIgniter\BaseModel->findAll()
 6 APPPATH/Controllers/Product.php(12): App\Models\ProductModel->getProduct()
 7 SYSTEMPATH/CodeIgniter.php(896): App\Controllers\Product->index()
 8 SYSTEMPATH/CodeIgniter.php(466): CodeIgniter\CodeIgniter->runController()
 9 SYSTEMPATH/CodeIgniter.php(349): CodeIgniter\CodeIgniter->handleRequest()
10 FCPATH/index.php(55): CodeIgniter\CodeIgniter->run()
CRITICAL - 2022-06-20 04:21:41 --> syntax error, unexpected token "endforeach"
in APPPATH/Views/product_view.php on line 23.
 1 SYSTEMPATH/View/View.php(216): CodeIgniter\View\View->CodeIgniter\View\{closure}()
 2 SYSTEMPATH/Common.php(1135): CodeIgniter\View\View->render()
 3 APPPATH/Controllers/Product.php(13): view()
 4 SYSTEMPATH/CodeIgniter.php(896): App\Controllers\Product->index()
 5 SYSTEMPATH/CodeIgniter.php(466): CodeIgniter\CodeIgniter->runController()
 6 SYSTEMPATH/CodeIgniter.php(349): CodeIgniter\CodeIgniter->handleRequest()
 7 FCPATH/index.php(55): CodeIgniter\CodeIgniter->run()
ERROR - 2022-06-20 04:21:53 --> Error connecting to the database: Connection refused
CRITICAL - 2022-06-20 04:21:53 --> Unable to connect to the database.
Main connection [MySQLi]: Connection refused
in SYSTEMPATH/Database/BaseConnection.php on line 416.
 1 SYSTEMPATH/Database/BaseConnection.php(586): CodeIgniter\Database\BaseConnection->initialize()
 2 SYSTEMPATH/Database/BaseBuilder.php(1585): CodeIgniter\Database\BaseConnection->query()
 3 SYSTEMPATH/Model.php(222): CodeIgniter\Database\BaseBuilder->get()
 4 SYSTEMPATH/BaseModel.php(584): CodeIgniter\Model->doFindAll()
 5 APPPATH/Models/ProductModel.php(12): CodeIgniter\BaseModel->findAll()
 6 APPPATH/Controllers/Product.php(12): App\Models\ProductModel->getProduct()
 7 SYSTEMPATH/CodeIgniter.php(896): App\Controllers\Product->index()
 8 SYSTEMPATH/CodeIgniter.php(466): CodeIgniter\CodeIgniter->runController()
 9 SYSTEMPATH/CodeIgniter.php(349): CodeIgniter\CodeIgniter->handleRequest()
10 FCPATH/index.php(55): CodeIgniter\CodeIgniter->run()
ERROR - 2022-06-20 04:22:05 --> Error connecting to the database: No such file or directory
CRITICAL - 2022-06-20 04:22:05 --> Unable to connect to the database.
Main connection [MySQLi]: No such file or directory
in SYSTEMPATH/Database/BaseConnection.php on line 416.
 1 SYSTEMPATH/Database/BaseConnection.php(586): CodeIgniter\Database\BaseConnection->initialize()
 2 SYSTEMPATH/Database/BaseBuilder.php(1585): CodeIgniter\Database\BaseConnection->query()
 3 SYSTEMPATH/Model.php(222): CodeIgniter\Database\BaseBuilder->get()
 4 SYSTEMPATH/BaseModel.php(584): CodeIgniter\Model->doFindAll()
 5 APPPATH/Models/ProductModel.php(12): CodeIgniter\BaseModel->findAll()
 6 APPPATH/Controllers/Product.php(12): App\Models\ProductModel->getProduct()
 7 SYSTEMPATH/CodeIgniter.php(896): App\Controllers\Product->index()
 8 SYSTEMPATH/CodeIgniter.php(466): CodeIgniter\CodeIgniter->runController()
 9 SYSTEMPATH/CodeIgniter.php(349): CodeIgniter\CodeIgniter->handleRequest()
10 FCPATH/index.php(55): CodeIgniter\CodeIgniter->run()
CRITICAL - 2022-06-20 04:22:18 --> syntax error, unexpected token "endforeach"
in APPPATH/Views/product_view.php on line 23.
 1 SYSTEMPATH/View/View.php(216): CodeIgniter\View\View->CodeIgniter\View\{closure}()
 2 SYSTEMPATH/Common.php(1135): CodeIgniter\View\View->render()
 3 APPPATH/Controllers/Product.php(13): view()
 4 SYSTEMPATH/CodeIgniter.php(896): App\Controllers\Product->index()
 5 SYSTEMPATH/CodeIgniter.php(466): CodeIgniter\CodeIgniter->runController()
 6 SYSTEMPATH/CodeIgniter.php(349): CodeIgniter\CodeIgniter->handleRequest()
 7 FCPATH/index.php(55): CodeIgniter\CodeIgniter->run()
CRITICAL - 2022-06-20 04:22:54 --> syntax error, unexpected token "endforeach"
in APPPATH/Views/product_view.php on line 23.
 1 SYSTEMPATH/View/View.php(216): CodeIgniter\View\View->CodeIgniter\View\{closure}()
 2 SYSTEMPATH/Common.php(1135): CodeIgniter\View\View->render()
 3 APPPATH/Controllers/Product.php(13): view()
 4 SYSTEMPATH/CodeIgniter.php(896): App\Controllers\Product->index()
 5 SYSTEMPATH/CodeIgniter.php(466): CodeIgniter\CodeIgniter->runController()
 6 SYSTEMPATH/CodeIgniter.php(349): CodeIgniter\CodeIgniter->handleRequest()
 7 FCPATH/index.php(55): CodeIgniter\CodeIgniter->run()
ERROR - 2022-06-20 04:23:53 --> Error connecting to the database: No such file or directory
CRITICAL - 2022-06-20 04:23:53 --> Unable to connect to the database.
Main connection [MySQLi]: No such file or directory
in SYSTEMPATH/Database/BaseConnection.php on line 416.
 1 SYSTEMPATH/Database/BaseConnection.php(586): CodeIgniter\Database\BaseConnection->initialize()
 2 SYSTEMPATH/Database/BaseBuilder.php(1585): CodeIgniter\Database\BaseConnection->query()
 3 SYSTEMPATH/Model.php(222): CodeIgniter\Database\BaseBuilder->get()
 4 SYSTEMPATH/BaseModel.php(584): CodeIgniter\Model->doFindAll()
 5 APPPATH/Models/ProductModel.php(12): CodeIgniter\BaseModel->findAll()
 6 APPPATH/Controllers/Product.php(12): App\Models\ProductModel->getProduct()
 7 SYSTEMPATH/CodeIgniter.php(896): App\Controllers\Product->index()
 8 SYSTEMPATH/CodeIgniter.php(466): CodeIgniter\CodeIgniter->runController()
 9 SYSTEMPATH/CodeIgniter.php(349): CodeIgniter\CodeIgniter->handleRequest()
10 FCPATH/index.php(55): CodeIgniter\CodeIgniter->run()
CRITICAL - 2022-06-20 04:52:21 --> syntax error, unexpected token ";", expecting ")"
in APPPATH/Controllers/Product.php on line 25.
 1 SYSTEMPATH/Autoloader/Autoloader.php(261): CodeIgniter\Autoloader\Autoloader->includeFile()
 2 SYSTEMPATH/Autoloader/Autoloader.php(239): CodeIgniter\Autoloader\Autoloader->loadInNamespace()
 3 [internal function]: CodeIgniter\Autoloader\Autoloader->loadClass()
 4 SYSTEMPATH/CodeIgniter.php(846): class_exists()
 5 SYSTEMPATH/CodeIgniter.php(453): CodeIgniter\CodeIgniter->startController()
 6 SYSTEMPATH/CodeIgniter.php(349): CodeIgniter\CodeIgniter->handleRequest()
 7 FCPATH/index.php(55): CodeIgniter\CodeIgniter->run()
